<?xml version="1.0" encoding="UTF-8"?>
<!-- Generated by org.testng.reporters.JUnitXMLReporter -->
<testsuite hostname="L017489" ignored="0" name="Test" tests="2" failures="0" timestamp="2020-01-23T17:05:25 EST" time="5.743" errors="0">
  <testcase name="@AfterMethod getResult" time="0.009" classname="tests.testBase">
    <failure type="java.lang.NullPointerException">
      <![CDATA[java.lang.NullPointerException
at tests.testBase.getResult(testBase.java:103)
at java.util.ArrayList.forEach(Unknown Source)
... Removed 32 stack frames]]>
    </failure>
  </testcase> <!-- @AfterMethod getResult -->
  <testcase name="@AfterMethod getResult" time="-1.579817125461E9" classname="tests.testBase">
    <skipped/>
  </testcase> <!-- @AfterMethod getResult -->
  <testcase name="test1" time="3.389" classname="tests.automationFormTest"/>
  <testcase name="verifyTitle" time="0.0" classname="tests.automationFormTest">
    <skipped/>
  </testcase> <!-- verifyTitle -->
</testsuite> <!-- Test -->
