<?xml version="1.0" encoding="UTF-8"?>
<testng-results skipped="0" failed="0" total="1" passed="1">
  <reporter-output>
  </reporter-output>
  <suite name="Suite" duration-ms="90235" started-at="2020-01-26T20:16:07Z" finished-at="2020-01-26T20:17:38Z">
    <groups>
    </groups>
    <test name="Test" duration-ms="90235" started-at="2020-01-26T20:16:07Z" finished-at="2020-01-26T20:17:38Z">
      <class name="tests.automationFormTest">
        <test-method status="PASS" signature="tearUP()[pri:0, instance:tests.automationFormTest@61443d8f]" name="tearUP" is-config="true" duration-ms="24" started-at="2020-01-26T15:16:07Z" finished-at="2020-01-26T15:16:07Z">
          <reporter-output>
          </reporter-output>
        </test-method> <!-- tearUP -->
        <test-method status="PASS" signature="openingWebPage()[pri:0, instance:tests.automationFormTest@61443d8f]" name="openingWebPage" is-config="true" duration-ms="34810" started-at="2020-01-26T15:16:07Z" finished-at="2020-01-26T15:16:42Z">
          <reporter-output>
          </reporter-output>
        </test-method> <!-- openingWebPage -->
        <test-method status="PASS" signature="before()[pri:0, instance:tests.automationFormTest@61443d8f]" name="before" is-config="true" duration-ms="44" started-at="2020-01-26T15:16:42Z" depends-on-methods="tests.testBase.openingWebPage" finished-at="2020-01-26T15:16:42Z">
          <reporter-output>
          </reporter-output>
        </test-method> <!-- before -->
        <test-method status="PASS" signature="fillingTheForm()[pri:0, instance:tests.automationFormTest@61443d8f]" name="fillingTheForm" duration-ms="55361" started-at="2020-01-26T15:16:42Z" finished-at="2020-01-26T15:17:38Z">
          <reporter-output>
          </reporter-output>
        </test-method> <!-- fillingTheForm -->
        <test-method status="PASS" signature="tearDown()[pri:0, instance:tests.automationFormTest@61443d8f]" name="tearDown" is-config="true" duration-ms="132" started-at="2020-01-26T15:17:38Z" finished-at="2020-01-26T15:17:38Z">
          <reporter-output>
          </reporter-output>
        </test-method> <!-- tearDown -->
      </class> <!-- tests.automationFormTest -->
    </test> <!-- Test -->
  </suite> <!-- Suite -->
</testng-results>
